This is pdfTeX, Version 3.141592653-2.6-1.40.28 (TeX Live 2025) (preloaded format=pdflatex 2025.11.26)  2 DEC 2025 16:28
entering extended mode
 restricted \write18 enabled.
 %&-line parsing enabled.
**news
(./news.tex
LaTeX2e <2025-11-01>
L3 programming layer <2025-11-14>
(./newspaper.cls
Document Class: newspaper 
(/home/nlct/texmf/tex/latex/nlct/flowframtkutils.sty
Package: flowframtkutils 2025/11/24 v2.0 (NLCT)

(/usr/local/texlive/2025/texmf-dist/tex/latex/pgf/basiclayer/pgf.sty
(/usr/local/texlive/2025/texmf-dist/tex/latex/pgf/utilities/pgfrcs.sty
(/usr/local/texlive/2025/texmf-dist/tex/generic/pgf/utilities/pgfutil-common.te
x
\pgfutil@everybye=\toks17
\pgfutil@tempdima=\dimen148
\pgfutil@tempdimb=\dimen149
)
(/usr/local/texlive/2025/texmf-dist/tex/generic/pgf/utilities/pgfutil-latex.def
\pgfutil@abb=\box53
) (/usr/local/texlive/2025/texmf-dist/tex/generic/pgf/utilities/pgfrcs.code.tex
(/usr/local/texlive/2025/texmf-dist/tex/generic/pgf/pgf.revision.tex)
Package: pgfrcs 2025-08-29 v3.1.11a (3.1.11a)
))
Package: pgf 2025-08-29 v3.1.11a (3.1.11a)

(/usr/local/texlive/2025/texmf-dist/tex/latex/pgf/basiclayer/pgfcore.sty
(/usr/local/texlive/2025/texmf-dist/tex/latex/graphics/graphicx.sty
Package: graphicx 2024/12/31 v1.2e Enhanced LaTeX Graphics (DPC,SPQR)

(/usr/local/texlive/2025/texmf-dist/tex/latex/graphics/keyval.sty
Package: keyval 2022/05/29 v1.15 key=value parser (DPC)
\KV@toks@=\toks18
)
(/usr/local/texlive/2025/texmf-dist/tex/latex/graphics/graphics.sty
Package: graphics 2024/08/06 v1.4g Standard LaTeX Graphics (DPC,SPQR)

(/usr/local/texlive/2025/texmf-dist/tex/latex/graphics/trig.sty
Package: trig 2023/12/02 v1.11 sin cos tan (DPC)
)
(/usr/local/texlive/2025/texmf-dist/tex/latex/graphics-cfg/graphics.cfg
File: graphics.cfg 2016/06/04 v1.11 sample graphics configuration
)
Package graphics Info: Driver file: pdftex.def on input line 106.

(/usr/local/texlive/2025/texmf-dist/tex/latex/graphics-def/pdftex.def
File: pdftex.def 2025/09/29 v1.2d Graphics/color driver for pdftex
))
\Gin@req@height=\dimen150
\Gin@req@width=\dimen151
)
(/usr/local/texlive/2025/texmf-dist/tex/latex/pgf/systemlayer/pgfsys.sty
(/usr/local/texlive/2025/texmf-dist/tex/generic/pgf/systemlayer/pgfsys.code.tex
Package: pgfsys 2025-08-29 v3.1.11a (3.1.11a)
(/usr/local/texlive/2025/texmf-dist/tex/generic/pgf/utilities/pgfkeys.code.tex
\pgfkeys@pathtoks=\toks19
\pgfkeys@temptoks=\toks20

(/usr/local/texlive/2025/texmf-dist/tex/generic/pgf/utilities/pgfkeyslibraryfil
tered.code.tex
\pgfkeys@tmptoks=\toks21
))
\pgf@x=\dimen152
\pgf@y=\dimen153
\pgf@xa=\dimen154
\pgf@ya=\dimen155
\pgf@xb=\dimen156
\pgf@yb=\dimen157
\pgf@xc=\dimen158
\pgf@yc=\dimen159
\pgf@xd=\dimen160
\pgf@yd=\dimen161
\w@pgf@writea=\write3
\r@pgf@reada=\read2
\c@pgf@counta=\count275
\c@pgf@countb=\count276
\c@pgf@countc=\count277
\c@pgf@countd=\count278
\t@pgf@toka=\toks22
\t@pgf@tokb=\toks23
\t@pgf@tokc=\toks24
\pgf@sys@id@count=\count279

(/usr/local/texlive/2025/texmf-dist/tex/generic/pgf/systemlayer/pgf.cfg
File: pgf.cfg 2025-08-29 v3.1.11a (3.1.11a)
)
Driver file for pgf: pgfsys-pdftex.def

(/usr/local/texlive/2025/texmf-dist/tex/generic/pgf/systemlayer/pgfsys-pdftex.d
ef
File: pgfsys-pdftex.def 2025-08-29 v3.1.11a (3.1.11a)

(/usr/local/texlive/2025/texmf-dist/tex/generic/pgf/systemlayer/pgfsys-common-p
df.def
File: pgfsys-common-pdf.def 2025-08-29 v3.1.11a (3.1.11a)
)))
(/usr/local/texlive/2025/texmf-dist/tex/generic/pgf/systemlayer/pgfsyssoftpath.
code.tex
File: pgfsyssoftpath.code.tex 2025-08-29 v3.1.11a (3.1.11a)
\pgfsyssoftpath@smallbuffer@items=\count280
\pgfsyssoftpath@bigbuffer@items=\count281
)
(/usr/local/texlive/2025/texmf-dist/tex/generic/pgf/systemlayer/pgfsysprotocol.
code.tex
File: pgfsysprotocol.code.tex 2025-08-29 v3.1.11a (3.1.11a)
)) (/usr/local/texlive/2025/texmf-dist/tex/latex/xcolor/xcolor.sty
Package: xcolor 2024/09/29 v3.02 LaTeX color extensions (UK)

(/usr/local/texlive/2025/texmf-dist/tex/latex/graphics-cfg/color.cfg
File: color.cfg 2016/01/02 v1.6 sample color configuration
)
Package xcolor Info: Driver file: pdftex.def on input line 274.

(/usr/local/texlive/2025/texmf-dist/tex/latex/graphics/mathcolor.ltx)
Package xcolor Info: Model `cmy' substituted by `cmy0' on input line 1349.
Package xcolor Info: Model `hsb' substituted by `rgb' on input line 1353.
Package xcolor Info: Model `RGB' extended on input line 1365.
Package xcolor Info: Model `HTML' substituted by `rgb' on input line 1367.
Package xcolor Info: Model `Hsb' substituted by `hsb' on input line 1368.
Package xcolor Info: Model `tHsb' substituted by `hsb' on input line 1369.
Package xcolor Info: Model `HSB' substituted by `hsb' on input line 1370.
Package xcolor Info: Model `Gray' substituted by `gray' on input line 1371.
Package xcolor Info: Model `wave' substituted by `hsb' on input line 1372.
)
(/usr/local/texlive/2025/texmf-dist/tex/generic/pgf/basiclayer/pgfcore.code.tex
Package: pgfcore 2025-08-29 v3.1.11a (3.1.11a)
(/usr/local/texlive/2025/texmf-dist/tex/generic/pgf/math/pgfmath.code.tex
(/usr/local/texlive/2025/texmf-dist/tex/generic/pgf/math/pgfmathutil.code.tex)
(/usr/local/texlive/2025/texmf-dist/tex/generic/pgf/math/pgfmathparser.code.tex
\pgfmath@dimen=\dimen162
\pgfmath@count=\count282
\pgfmath@box=\box54
\pgfmath@toks=\toks25
\pgfmath@stack@operand=\toks26
\pgfmath@stack@operation=\toks27
)
(/usr/local/texlive/2025/texmf-dist/tex/generic/pgf/math/pgfmathfunctions.code.
tex)
(/usr/local/texlive/2025/texmf-dist/tex/generic/pgf/math/pgfmathfunctions.basic
.code.tex)
(/usr/local/texlive/2025/texmf-dist/tex/generic/pgf/math/pgfmathfunctions.trigo
nometric.code.tex)
(/usr/local/texlive/2025/texmf-dist/tex/generic/pgf/math/pgfmathfunctions.rando
m.code.tex)
(/usr/local/texlive/2025/texmf-dist/tex/generic/pgf/math/pgfmathfunctions.compa
rison.code.tex)
(/usr/local/texlive/2025/texmf-dist/tex/generic/pgf/math/pgfmathfunctions.base.
code.tex)
(/usr/local/texlive/2025/texmf-dist/tex/generic/pgf/math/pgfmathfunctions.round
.code.tex)
(/usr/local/texlive/2025/texmf-dist/tex/generic/pgf/math/pgfmathfunctions.misc.
code.tex)
(/usr/local/texlive/2025/texmf-dist/tex/generic/pgf/math/pgfmathfunctions.integ
erarithmetics.code.tex)
(/usr/local/texlive/2025/texmf-dist/tex/generic/pgf/math/pgfmathcalc.code.tex)
(/usr/local/texlive/2025/texmf-dist/tex/generic/pgf/math/pgfmathfloat.code.tex
\c@pgfmathroundto@lastzeros=\count283
)) (/usr/local/texlive/2025/texmf-dist/tex/generic/pgf/math/pgfint.code.tex)
(/usr/local/texlive/2025/texmf-dist/tex/generic/pgf/basiclayer/pgfcorepoints.co
de.tex
File: pgfcorepoints.code.tex 2025-08-29 v3.1.11a (3.1.11a)
\pgf@picminx=\dimen163
\pgf@picmaxx=\dimen164
\pgf@picminy=\dimen165
\pgf@picmaxy=\dimen166
\pgf@pathminx=\dimen167
\pgf@pathmaxx=\dimen168
\pgf@pathminy=\dimen169
\pgf@pathmaxy=\dimen170
\pgf@xx=\dimen171
\pgf@xy=\dimen172
\pgf@yx=\dimen173
\pgf@yy=\dimen174
\pgf@zx=\dimen175
\pgf@zy=\dimen176
)
(/usr/local/texlive/2025/texmf-dist/tex/generic/pgf/basiclayer/pgfcorepathconst
ruct.code.tex
File: pgfcorepathconstruct.code.tex 2025-08-29 v3.1.11a (3.1.11a)
\pgf@path@lastx=\dimen177
\pgf@path@lasty=\dimen178
)
(/usr/local/texlive/2025/texmf-dist/tex/generic/pgf/basiclayer/pgfcorepathusage
.code.tex
File: pgfcorepathusage.code.tex 2025-08-29 v3.1.11a (3.1.11a)
\pgf@shorten@end@additional=\dimen179
\pgf@shorten@start@additional=\dimen180
)
(/usr/local/texlive/2025/texmf-dist/tex/generic/pgf/basiclayer/pgfcorescopes.co
de.tex
File: pgfcorescopes.code.tex 2025-08-29 v3.1.11a (3.1.11a)
\pgfpic=\box55
\pgf@hbox=\box56
\pgf@layerbox@main=\box57
\pgf@picture@serial@count=\count284
)
(/usr/local/texlive/2025/texmf-dist/tex/generic/pgf/basiclayer/pgfcoregraphicst
ate.code.tex
File: pgfcoregraphicstate.code.tex 2025-08-29 v3.1.11a (3.1.11a)
\pgflinewidth=\dimen181
)
(/usr/local/texlive/2025/texmf-dist/tex/generic/pgf/basiclayer/pgfcoretransform
ations.code.tex
File: pgfcoretransformations.code.tex 2025-08-29 v3.1.11a (3.1.11a)
\pgf@pt@x=\dimen182
\pgf@pt@y=\dimen183
\pgf@pt@temp=\dimen184
)
(/usr/local/texlive/2025/texmf-dist/tex/generic/pgf/basiclayer/pgfcorequick.cod
e.tex
File: pgfcorequick.code.tex 2025-08-29 v3.1.11a (3.1.11a)
)
(/usr/local/texlive/2025/texmf-dist/tex/generic/pgf/basiclayer/pgfcoreobjects.c
ode.tex
File: pgfcoreobjects.code.tex 2025-08-29 v3.1.11a (3.1.11a)
)
(/usr/local/texlive/2025/texmf-dist/tex/generic/pgf/basiclayer/pgfcorepathproce
ssing.code.tex
File: pgfcorepathprocessing.code.tex 2025-08-29 v3.1.11a (3.1.11a)
)
(/usr/local/texlive/2025/texmf-dist/tex/generic/pgf/basiclayer/pgfcorearrows.co
de.tex
File: pgfcorearrows.code.tex 2025-08-29 v3.1.11a (3.1.11a)
\pgfarrowsep=\dimen185
)
(/usr/local/texlive/2025/texmf-dist/tex/generic/pgf/basiclayer/pgfcoreshade.cod
e.tex
File: pgfcoreshade.code.tex 2025-08-29 v3.1.11a (3.1.11a)
\pgf@max=\dimen186
\pgf@sys@shading@range@num=\count285
\pgf@shadingcount=\count286
)
(/usr/local/texlive/2025/texmf-dist/tex/generic/pgf/basiclayer/pgfcoreimage.cod
e.tex
File: pgfcoreimage.code.tex 2025-08-29 v3.1.11a (3.1.11a)
)
(/usr/local/texlive/2025/texmf-dist/tex/generic/pgf/basiclayer/pgfcoreexternal.
code.tex
File: pgfcoreexternal.code.tex 2025-08-29 v3.1.11a (3.1.11a)
\pgfexternal@startupbox=\box58
)
(/usr/local/texlive/2025/texmf-dist/tex/generic/pgf/basiclayer/pgfcorelayers.co
de.tex
File: pgfcorelayers.code.tex 2025-08-29 v3.1.11a (3.1.11a)
)
(/usr/local/texlive/2025/texmf-dist/tex/generic/pgf/basiclayer/pgfcoretranspare
ncy.code.tex
File: pgfcoretransparency.code.tex 2025-08-29 v3.1.11a (3.1.11a)
)
(/usr/local/texlive/2025/texmf-dist/tex/generic/pgf/basiclayer/pgfcorepatterns.
code.tex
File: pgfcorepatterns.code.tex 2025-08-29 v3.1.11a (3.1.11a)
)
(/usr/local/texlive/2025/texmf-dist/tex/generic/pgf/basiclayer/pgfcorerdf.code.
tex
File: pgfcorerdf.code.tex 2025-08-29 v3.1.11a (3.1.11a)
)))
(/usr/local/texlive/2025/texmf-dist/tex/generic/pgf/modules/pgfmoduleshapes.cod
e.tex
File: pgfmoduleshapes.code.tex 2025-08-29 v3.1.11a (3.1.11a)
\pgfnodeparttextbox=\box59
)
(/usr/local/texlive/2025/texmf-dist/tex/generic/pgf/modules/pgfmoduleplot.code.
tex
File: pgfmoduleplot.code.tex 2025-08-29 v3.1.11a (3.1.11a)
)
(/usr/local/texlive/2025/texmf-dist/tex/latex/pgf/compatibility/pgfcomp-version
-0-65.sty
Package: pgfcomp-version-0-65 2025-08-29 v3.1.11a (3.1.11a)
\pgf@nodesepstart=\dimen187
\pgf@nodesepend=\dimen188
)
(/usr/local/texlive/2025/texmf-dist/tex/latex/pgf/compatibility/pgfcomp-version
-1-18.sty
Package: pgfcomp-version-1-18 2025-08-29 v3.1.11a (3.1.11a)
))
\g_flowframtkutils_overlay_int=\count287
\l_flowframtkutils_annote_offsetx_dim=\dimen189
\l_flowframtkutils_annote_offsety_dim=\dimen190
\l_flowframtkutils_annote_location_int=\count288
\l_flowframtkutils_current_annote_location_int=\count289
\l__flowframtkutils_image_minx_dim=\dimen191
\l__flowframtkutils_image_miny_dim=\dimen192
\l__flowframtkutils_image_maxx_dim=\dimen193
\l__flowframtkutils_image_maxy_dim=\dimen194
\l__flowframtkutils_image_cx_dim=\dimen195
\l__flowframtkutils_image_cy_dim=\dimen196
\l__flowframtkutils_image_width_dim=\dimen197
\l__flowframtkutils_image_height_dim=\dimen198
\l__flowframtkutils_object_minx_dim=\dimen199
\l__flowframtkutils_object_miny_dim=\dimen256
\l__flowframtkutils_object_maxx_dim=\dimen257
\l__flowframtkutils_object_maxy_dim=\dimen258
\l__flowframtkutils_object_cx_dim=\dimen259
\l__flowframtkutils_object_cy_dim=\dimen260
\l__flowframtkutils_object_width_dim=\dimen261
\l__flowframtkutils_object_height_dim=\dimen262
\l__flowframtkutils_x_dim=\dimen263
\l__flowframtkutils_y_dim=\dimen264
\l_flowframtkutils_group_level_int=\count290
\l__flowframtk_img_box=\box60
) (/usr/local/texlive/2025/texmf-dist/tex/latex/base/inputenc.sty
Package: inputenc 2024/02/08 v1.3d Input encoding file
\inpenc@prehook=\toks28
\inpenc@posthook=\toks29
)
(/usr/local/texlive/2025/texmf-dist/tex/latex/base/fontenc.sty
Package: fontenc 2025/07/18 v2.1d Standard LaTeX package
)
(/usr/local/texlive/2025/texmf-dist/tex/latex/lm/lmodern.sty
Package: lmodern 2015/05/01 v1.6.1 Latin Modern Fonts
LaTeX Font Info:    Overwriting symbol font `operators' in version `normal'
(Font)                  OT1/cmr/m/n --> OT1/lmr/m/n on input line 22.
LaTeX Font Info:    Overwriting symbol font `letters' in version `normal'
(Font)                  OML/cmm/m/it --> OML/lmm/m/it on input line 23.
LaTeX Font Info:    Overwriting symbol font `symbols' in version `normal'
(Font)                  OMS/cmsy/m/n --> OMS/lmsy/m/n on input line 24.
LaTeX Font Info:    Overwriting symbol font `largesymbols' in version `normal'
(Font)                  OMX/cmex/m/n --> OMX/lmex/m/n on input line 25.
LaTeX Font Info:    Overwriting symbol font `operators' in version `bold'
(Font)                  OT1/cmr/bx/n --> OT1/lmr/bx/n on input line 26.
LaTeX Font Info:    Overwriting symbol font `letters' in version `bold'
(Font)                  OML/cmm/b/it --> OML/lmm/b/it on input line 27.
LaTeX Font Info:    Overwriting symbol font `symbols' in version `bold'
(Font)                  OMS/cmsy/b/n --> OMS/lmsy/b/n on input line 28.
LaTeX Font Info:    Overwriting symbol font `largesymbols' in version `bold'
(Font)                  OMX/cmex/m/n --> OMX/lmex/m/n on input line 29.
LaTeX Font Info:    Overwriting math alphabet `\mathbf' in version `normal'
(Font)                  OT1/cmr/bx/n --> OT1/lmr/bx/n on input line 31.
LaTeX Font Info:    Overwriting math alphabet `\mathsf' in version `normal'
(Font)                  OT1/cmss/m/n --> OT1/lmss/m/n on input line 32.
LaTeX Font Info:    Overwriting math alphabet `\mathit' in version `normal'
(Font)                  OT1/cmr/m/it --> OT1/lmr/m/it on input line 33.
LaTeX Font Info:    Overwriting math alphabet `\mathtt' in version `normal'
(Font)                  OT1/cmtt/m/n --> OT1/lmtt/m/n on input line 34.
LaTeX Font Info:    Overwriting math alphabet `\mathbf' in version `bold'
(Font)                  OT1/cmr/bx/n --> OT1/lmr/bx/n on input line 35.
LaTeX Font Info:    Overwriting math alphabet `\mathsf' in version `bold'
(Font)                  OT1/cmss/bx/n --> OT1/lmss/bx/n on input line 36.
LaTeX Font Info:    Overwriting math alphabet `\mathit' in version `bold'
(Font)                  OT1/cmr/bx/it --> OT1/lmr/bx/it on input line 37.
LaTeX Font Info:    Overwriting math alphabet `\mathtt' in version `bold'
(Font)                  OT1/cmtt/m/n --> OT1/lmtt/m/n on input line 38.
)
(/usr/local/texlive/2025/texmf-dist/tex/latex/base/article.cls
Document Class: article 2025/01/22 v1.4n Standard LaTeX document class
(/usr/local/texlive/2025/texmf-dist/tex/latex/base/size12.clo
File: size12.clo 2025/01/22 v1.4n Standard LaTeX file (size option)
)
\c@part=\count291
\c@section=\count292
\c@subsection=\count293
\c@subsubsection=\count294
\c@paragraph=\count295
\c@subparagraph=\count296
\c@figure=\count297
\c@table=\count298
\abovecaptionskip=\skip49
\belowcaptionskip=\skip50
\bibindent=\dimen265
)
(/usr/local/texlive/2025/texmf-dist/tex/latex/geometry/geometry.sty
Package: geometry 2020/01/02 v5.9 Page Geometry

(/usr/local/texlive/2025/texmf-dist/tex/generic/iftex/ifvtex.sty
Package: ifvtex 2019/10/25 v1.7 ifvtex legacy package. Use iftex instead.

(/usr/local/texlive/2025/texmf-dist/tex/generic/iftex/iftex.sty
Package: iftex 2024/12/12 v1.0g TeX engine tests
))
\Gm@cnth=\count299
\Gm@cntv=\count300
\c@Gm@tempcnt=\count301
\Gm@bindingoffset=\dimen266
\Gm@wd@mp=\dimen267
\Gm@odd@mp=\dimen268
\Gm@even@mp=\dimen269
\Gm@layoutwidth=\dimen270
\Gm@layoutheight=\dimen271
\Gm@layouthoffset=\dimen272
\Gm@layoutvoffset=\dimen273
\Gm@dimlist=\toks30
)
(/home/nlct/texmf/tex/latex/nlct/flowfram.sty
Package: flowfram 2025/11/24 v2.0 (NLCT)

(/usr/local/texlive/2025/texmf-dist/tex/latex/rerunfilecheck/rerunfilecheck.sty
Package: rerunfilecheck 2025-06-21 v1.11 Rerun checks for auxiliary files (HO)
(/usr/local/texlive/2025/texmf-dist/tex/latex/kvoptions/kvoptions.sty
Package: kvoptions 2022-06-15 v3.15 Key value format for package options (HO)

(/usr/local/texlive/2025/texmf-dist/tex/generic/ltxcmds/ltxcmds.sty
Package: ltxcmds 2023-12-04 v1.26 LaTeX kernel commands for general use (HO)
)
(/usr/local/texlive/2025/texmf-dist/tex/latex/kvsetkeys/kvsetkeys.sty
Package: kvsetkeys 2022-10-05 v1.19 Key value parser (HO)
))
(/usr/local/texlive/2025/texmf-dist/tex/generic/infwarerr/infwarerr.sty
Package: infwarerr 2019/12/03 v1.5 Providing info/warning/error messages (HO)
)
(/usr/local/texlive/2025/texmf-dist/tex/generic/pdftexcmds/pdftexcmds.sty
Package: pdftexcmds 2020-06-27 v0.33 Utility functions of pdfTeX for LuaTeX (HO
)
Package pdftexcmds Info: \pdf@primitive is available.
Package pdftexcmds Info: \pdf@ifprimitive is available.
Package pdftexcmds Info: \pdfdraftmode found.
)
(/usr/local/texlive/2025/texmf-dist/tex/generic/uniquecounter/uniquecounter.sty
Package: uniquecounter 2019/12/15 v1.4 Provide unlimited unique counter (HO)
(/usr/local/texlive/2025/texmf-dist/tex/generic/bigintcalc/bigintcalc.sty
Package: bigintcalc 2019/12/15 v1.5 Expandable calculations on big integers (HO
)
))
Package uniquecounter Info: New unique counter `rerunfilecheck' on input line 2
84.
)
(/usr/local/texlive/2025/texmf-dist/tex/latex/tools/afterpage.sty
Package: afterpage 2023/07/04 v1.08 After-Page Package (DPC)
\AP@output=\toks31
\AP@partial=\box61
\AP@footins=\box62
)
(/usr/local/texlive/2025/texmf-dist/tex/latex/etoolbox/etoolbox.sty
Package: etoolbox 2025/10/02 v2.5m e-TeX tools for LaTeX (JAW)
\etb@tempcnta=\count302
)
\fflabelsep=\skip51
\c@absolutepage=\count303
\c_flowfram_max_page_int=\count304
\typeblockwidth=\skip52
\typeblockheight=\skip53
\typeblockoffsety=\skip54
\c@maxflow=\count305
\c@thisframe=\count306
\c@displayedframe=\count307
\c@maxstatic=\count308
\c@maxdynamic=\count309
\l__flowfram_current_frame_int=\count310
\l__flowfram_current_abspage_int=\count311
\l__flowfram_current_static_int=\count312
\l__flowfram_current_dynamic_int=\count313
\l__flowfram_col_int=\count314
\l__flowfram_tmpa_int=\count315
\l__flowfram_tmpb_int=\count316
\l__flowfram_id_int=\count317
\l__flowfram_id_ii_int=\count318
\l__flowfram_type_int=\count319
\l__flowfram_type_ii_int=\count320
\l__flowfram_range_start_int=\count321
\l__flowfram_range_end_int=\count322
\l__flowfram_shape_int=\count323
\l__flowfram_tmpa_dim=\dimen274
\l__flowfram_tmpb_dim=\dimen275
\l__flowfram_sfdf_height_dim=\dimen276
\l__flowfram_sfdf_width_dim=\dimen277
\l__flowfram_x_dim=\dimen278
\l__flowfram_evenx_dim=\dimen279
\l__flowfram_y_dim=\dimen280
\l__flowfram_eveny_dim=\dimen281
\l__flowfram_width_dim=\dimen282
\l__flowfram_height_dim=\dimen283
\l__flowfram_offset_dim=\dimen284
\sdfparindent=\skip55
\g__flowfram_html_opts_int=\count324
\flowframesep=\skip56
\flowframerule=\skip57
\staticframe=\box63
\ffareawidth=\skip58
\ffareaheight=\skip59
\ffareax=\skip60
\ffareay=\skip61
\ffareaevenx=\skip62
\ffareaeveny=\skip63
\fftolerance=\skip64
\g__flowfram_saved_thisframe_int=\count325
\g__flowfram_dynamic_header_int=\count326
\g__flowfram_dynamic_even_header_int=\count327
\g__flowfram_dynamic_footer_int=\count328
\g__flowfram_dynamic_even_footer_int=\count329
\g__flowfram_current_page_int=\count330
\l__all_content_box=\box64
\l__all_content_height_dim=\dimen285
\g__flowfram_next_frame_int=\count331
\vcolumnsep=\skip65
\l__flowfram_adjust_height_int=\count332
\l__flowfram_this_strip_int=\count333
\ffcolumnseprule=\skip66
\l__flowfram_left_x_dim=\dimen286
\l__flowfram_left_y_dim=\dimen287
\l__flowfram_left_evenx_dim=\dimen288
\l__flowfram_left_eveny_dim=\dimen289
\l__flowfram_left_width_dim=\dimen290
\l__flowfram_left_height_dim=\dimen291
\g__flowfram_chaphead_frame_id=\count334
\g__flowfram_chaphead_id_int=\count335
\c@maxthumbtabs=\count336
\c@thumbtabnonum=\count337
\thumbtabwidth=\skip67
\g__flowfram_minitoc_level_int=\count338
\c@maxtocunits=\count339
\c@maxminitoc=\count340
\g__flowfram_toc_level_int=\count341
\c_flowfram_level_part_int=\count342
\beforeminitocskip=\skip68
\afterminitocskip=\skip69
\g__flowfram_minitoc_frame_id=\count343
\c@minitoc=\count344
)
\g__flowfram_static_width_i_dim=\dimen292
\g__flowfram_static_height_i_dim=\dimen293
\g__flowfram_static_posx_i_dim=\dimen294
\g__flowfram_static_posy_i_dim=\dimen295
\g__flowfram_static_evenx_i_dim=\dimen296
\g__flowfram_static_eveny_i_dim=\dimen297
\g__flowfram_static_content_i_box=\box65
LaTeX Font Info:    Trying to load font information for OT1+lmr on input line 3
6.

(/usr/local/texlive/2025/texmf-dist/tex/latex/lm/ot1lmr.fd
File: ot1lmr.fd 2015/05/01 v1.6.1 Font defs for Latin Modern
)
LaTeX Font Info:    Trying to load font information for OML+lmm on input line 3
6.

(/usr/local/texlive/2025/texmf-dist/tex/latex/lm/omllmm.fd
File: omllmm.fd 2015/05/01 v1.6.1 Font defs for Latin Modern
)
LaTeX Font Info:    Trying to load font information for OMS+lmsy on input line 
36.

(/usr/local/texlive/2025/texmf-dist/tex/latex/lm/omslmsy.fd
File: omslmsy.fd 2015/05/01 v1.6.1 Font defs for Latin Modern
)
LaTeX Font Info:    Trying to load font information for OMX+lmex on input line 
36.

(/usr/local/texlive/2025/texmf-dist/tex/latex/lm/omxlmex.fd
File: omxlmex.fd 2015/05/01 v1.6.1 Font defs for Latin Modern
)
LaTeX Font Info:    External font `lmex10' loaded for size
(Font)              <12> on input line 36.
LaTeX Font Info:    External font `lmex10' loaded for size
(Font)              <8> on input line 36.
LaTeX Font Info:    External font `lmex10' loaded for size
(Font)              <6> on input line 36.
\g__flowfram_dynamic_width_i_dim=\dimen298
\g__flowfram_dynamic_height_i_dim=\dimen299
\g__flowfram_dynamic_posx_i_dim=\dimen300
\g__flowfram_dynamic_posy_i_dim=\dimen301
\g__flowfram_dynamic_evenx_i_dim=\dimen302
\g__flowfram_dynamic_eveny_i_dim=\dimen303
\g__flowfram_dynamic_width_ii_dim=\dimen304
\g__flowfram_dynamic_height_ii_dim=\dimen305
\g__flowfram_dynamic_posx_ii_dim=\dimen306
\g__flowfram_dynamic_posy_ii_dim=\dimen307
\g__flowfram_dynamic_evenx_ii_dim=\dimen308
\g__flowfram_dynamic_eveny_ii_dim=\dimen309
\g__flowfram_dynamic_width_iii_dim=\dimen310
\g__flowfram_dynamic_height_iii_dim=\dimen311
\g__flowfram_dynamic_posx_iii_dim=\dimen312
\g__flowfram_dynamic_posy_iii_dim=\dimen313
\g__flowfram_dynamic_evenx_iii_dim=\dimen314
\g__flowfram_dynamic_eveny_iii_dim=\dimen315
\g__flowfram_static_width_ii_dim=\dimen316
\g__flowfram_static_height_ii_dim=\dimen317
\g__flowfram_static_posx_ii_dim=\dimen318
\g__flowfram_static_posy_ii_dim=\dimen319
\g__flowfram_static_evenx_ii_dim=\dimen320
\g__flowfram_static_eveny_ii_dim=\dimen321
\g__flowfram_static_content_ii_box=\box66
\g__flowfram_dynamic_width_iv_dim=\dimen322
\g__flowfram_dynamic_height_iv_dim=\dimen323
\g__flowfram_dynamic_posx_iv_dim=\dimen324
\g__flowfram_dynamic_posy_iv_dim=\dimen325
\g__flowfram_dynamic_evenx_iv_dim=\dimen326
\g__flowfram_dynamic_eveny_iv_dim=\dimen327
\g__flowfram_static_width_iii_dim=\dimen328
\g__flowfram_static_height_iii_dim=\dimen329
\g__flowfram_static_posx_iii_dim=\dimen330
\g__flowfram_static_posy_iii_dim=\dimen331
\g__flowfram_static_evenx_iii_dim=\dimen332
\g__flowfram_static_eveny_iii_dim=\dimen333
\g__flowfram_static_content_iii_box=\box67
\g__flowfram_static_width_iv_dim=\dimen334
\g__flowfram_static_height_iv_dim=\dimen335
\g__flowfram_static_posx_iv_dim=\dimen336
\g__flowfram_static_posy_iv_dim=\dimen337
\g__flowfram_static_evenx_iv_dim=\dimen338
\g__flowfram_static_eveny_iv_dim=\dimen339
\g__flowfram_static_content_iv_box=\box68
\g__flowfram_dynamic_width_v_dim=\dimen340
\g__flowfram_dynamic_height_v_dim=\dimen341
\g__flowfram_dynamic_posx_v_dim=\dimen342
\g__flowfram_dynamic_posy_v_dim=\dimen343
\g__flowfram_dynamic_evenx_v_dim=\dimen344
\g__flowfram_dynamic_eveny_v_dim=\dimen345
\g__flowfram_flow_width_i_dim=\dimen346
\g__flowfram_flow_height_i_dim=\dimen347
\g__flowfram_flow_posx_i_dim=\dimen348
\g__flowfram_flow_posy_i_dim=\dimen349
\g__flowfram_flow_evenx_i_dim=\dimen350
\g__flowfram_flow_eveny_i_dim=\dimen351
\g__flowfram_flow_column_i_box=\box69
\g__flowfram_flow_width_ii_dim=\dimen352
\g__flowfram_flow_height_ii_dim=\dimen353
\g__flowfram_flow_posx_ii_dim=\dimen354
\g__flowfram_flow_posy_ii_dim=\dimen355
\g__flowfram_flow_evenx_ii_dim=\dimen356
\g__flowfram_flow_eveny_ii_dim=\dimen357
\g__flowfram_flow_column_ii_box=\box70
\g__flowfram_static_width_v_dim=\dimen358
\g__flowfram_static_height_v_dim=\dimen359
\g__flowfram_static_posx_v_dim=\dimen360
\g__flowfram_static_posy_v_dim=\dimen361
\g__flowfram_static_evenx_v_dim=\dimen362
\g__flowfram_static_eveny_v_dim=\dimen363
\g__flowfram_static_content_v_box=\box71
\g__flowfram_dynamic_width_vi_dim=\dimen364
\g__flowfram_dynamic_height_vi_dim=\dimen365
\g__flowfram_dynamic_posx_vi_dim=\dimen366
\g__flowfram_dynamic_posy_vi_dim=\dimen367
\g__flowfram_dynamic_evenx_vi_dim=\dimen368
\g__flowfram_dynamic_eveny_vi_dim=\dimen369
)
LaTeX Font Info:    Trying to load font information for T1+lmr on input line 3.


(/usr/local/texlive/2025/texmf-dist/tex/latex/lm/t1lmr.fd
File: t1lmr.fd 2015/05/01 v1.6.1 Font defs for Latin Modern
)
(/usr/local/texlive/2025/texmf-dist/tex/latex/l3backend/l3backend-pdftex.def
File: l3backend-pdftex.def 2025-10-09 L3 backend support: PDF output (pdfTeX)
\l__color_backend_stack_int=\count345
)
(./news.aux)
\openout1 = `news.aux'.

LaTeX Font Info:    Checking defaults for OML/cmm/m/it on input line 3.
LaTeX Font Info:    ... okay on input line 3.
LaTeX Font Info:    Checking defaults for OMS/cmsy/m/n on input line 3.
LaTeX Font Info:    ... okay on input line 3.
LaTeX Font Info:    Checking defaults for OT1/cmr/m/n on input line 3.
LaTeX Font Info:    ... okay on input line 3.
LaTeX Font Info:    Checking defaults for T1/cmr/m/n on input line 3.
LaTeX Font Info:    ... okay on input line 3.
LaTeX Font Info:    Checking defaults for TS1/cmr/m/n on input line 3.
LaTeX Font Info:    ... okay on input line 3.
LaTeX Font Info:    Checking defaults for OMX/cmex/m/n on input line 3.
LaTeX Font Info:    ... okay on input line 3.
LaTeX Font Info:    Checking defaults for U/cmr/m/n on input line 3.
LaTeX Font Info:    ... okay on input line 3.

(/usr/local/texlive/2025/texmf-dist/tex/context/base/mkii/supp-pdf.mkii
[Loading MPS to PDF converter (version 2006.09.02).]
\scratchcounter=\count346
\scratchdimen=\dimen370
\scratchbox=\box72
\nofMPsegments=\count347
\nofMParguments=\count348
\everyMPshowfont=\toks32
\MPscratchCnt=\count349
\MPscratchDim=\dimen371
\MPnumerator=\count350
\makeMPintoPDFobject=\count351
\everyMPtoPDFconversion=\toks33
) (/usr/local/texlive/2025/texmf-dist/tex/latex/epstopdf-pkg/epstopdf-base.sty
Package: epstopdf-base 2020-01-24 v2.11 Base part for package epstopdf
Package epstopdf-base Info: Redefining graphics rule for `.eps' on input line 4
85.

(/usr/local/texlive/2025/texmf-dist/tex/latex/latexconfig/epstopdf-sys.cfg
File: epstopdf-sys.cfg 2010/07/13 v1.3 Configuration of (r)epstopdf for TeX Liv
e
))
*geometry* driver: auto-detecting
*geometry* detected driver: pdftex
*geometry* verbose mode - [ preamble ] result:
* driver: pdftex
* paper: a4paper
* layout: <same size as paper>
* layoutoffset:(h,v)=(0.0pt,0.0pt)
* modes: twoside asymmetric 
* h-part:(L,W,R)=(58.0pt, 481.50787pt, 58.0pt)
* v-part:(T,H,B)=(58.0pt, 729.04684pt, 58.0pt)
* \paperwidth=597.50787pt
* \paperheight=845.04684pt
* \textwidth=481.50787pt
* \textheight=218.50378pt
* \oddsidemargin=-14.26999pt
* \evensidemargin=39.73001pt
* \topmargin=-51.26999pt
* \headheight=12.0pt
* \headsep=25.0pt
* \topskip=12.0pt
* \footskip=30.0pt
* \marginparwidth=95.0pt
* \marginparsep=10.0pt
* \columnsep=10.0pt
* \skip\footins=10.8pt plus 4.0pt minus 2.0pt
* \hoffset=0.0pt
* \voffset=0.0pt
* \mag=1000
* \@twocolumnfalse
* \@twosidetrue
* \@mparswitchfalse
* \@reversemarginfalse
* (1in=72.27pt=25.4mm, 1cm=28.453pt)

(./sheepcutout.tex)
Overfull \hbox (1.85414pt too wide) in paragraph at lines 5--9
\T1/lmr/m/n/12 ter-day morn-ing when Lit-tle Bo Peep's
 []

LaTeX Font Info:    Trying to load font information for T1+lmtt on input line 2
6.
(/usr/local/texlive/2025/texmf-dist/tex/latex/lm/t1lmtt.fd
File: t1lmtt.fd 2015/05/01 v1.6.1 Font defs for Latin Modern
)
Underfull \hbox (badness 1122) has occurred while \output is active
\T1/lmr/m/n/12 king's cav-alry rushed to the
 []


Underfull \hbox (badness 1430) has occurred while \output is active
\T1/lmr/m/n/12 scene, but re-gret-ted that they
 []

[1{/usr/local/texlive/2025/texmf-var/fonts/map/pdftex/updmap/pdftex.map}{/usr/l
ocal/texlive/2025/texmf-dist/fonts/enc/dvips/cm-super/cm-super-t1.enc}

{/usr/local/texlive/2025/texmf-dist/fonts/enc/dvips/lm/lm-ec.enc} <./egg.png> <
./sheep.png (PNG copy)>] (./news.aux)
 ***********
LaTeX2e <2025-11-01>
L3 programming layer <2025-11-14>
 ***********
 ) 
Here is how much of TeX's memory you used:
 13877 strings out of 467538
 294654 string characters out of 5419551
 695923 words of memory out of 5000000
 42533 multiletter control sequences out of 15000+600000
 662675 words of font info for 61 fonts, out of 8000000 for 9000
 1141 hyphenation exceptions out of 8191
 117i,10n,121p,438b,334s stack positions out of 10000i,1000n,20000p,200000b,200000s
</usr/local/texlive/2025/texmf-dist/fonts/type1/public/lm/lmbx12.pfb></usr/lo
cal/texlive/2025/texmf-dist/fonts/type1/public/lm/lmr12.pfb></usr/local/texlive
/2025/texmf-dist/fonts/type1/public/lm/lmri10.pfb></usr/local/texlive/2025/texm
f-dist/fonts/type1/public/lm/lmri12.pfb></usr/local/texlive/2025/texmf-dist/fon
ts/type1/public/lm/lmtt12.pfb></usr/local/texlive/2025/texmf-dist/fonts/type1/p
ublic/cm-super/sfrb2488.pfb></usr/local/texlive/2025/texmf-dist/fonts/type1/pub
lic/cm-super/sfrm1200.pfb>
Output written on news.pdf (1 page, 134235 bytes).
PDF statistics:
 52 PDF objects out of 1000 (max. 8388607)
 31 compressed objects within 1 object stream
 0 named destinations out of 1000 (max. 500000)
 23 words of extra memory for PDF output out of 10000 (max. 10000000)

